first line
second line change in second line
